<?xml version="1.0" encoding="UTF-8"?>
<!-- Generated by org.testng.reporters.JUnitReportReporter -->
<testsuite skipped="0" hostname="DESKTOP-QONEH43" name="test" tests="1" failures="0" timestamp="28 May 2019 21:07:41 GMT" time="0.015" errors="0">
  <testcase name="test" time="0.015" classname="test"/>
</testsuite> <!-- test -->
