<?xml version="1.0" encoding="UTF-8"?>
<!-- Generated by org.testng.reporters.JUnitReportReporter -->
<testsuite skipped="0" hostname="DESKTOP-QONEH43" name="com.class12.ReadingPropertyFile" tests="1" failures="0" timestamp="02 Jun 2019 18:29:19 GMT" time="8.420" errors="0">
  <testcase name="readFile" time="8.420" classname="com.class12.ReadingPropertyFile"/>
</testsuite> <!-- com.class12.ReadingPropertyFile -->
